#
# A fatal error has been detected by the Java Runtime Environment:
#
#  EXCEPTION_ACCESS_VIOLATION (0xc0000005) at pc=0x0000000067fd4b9b, pid=4452, tid=4192
#
# JRE version: Java(TM) SE Runtime Environment (7.0_80-b15) (build 1.7.0_80-b15)
# Java VM: Java HotSpot(TM) 64-Bit Server VM (24.80-b11 mixed mode windows-amd64 compressed oops)
# Problematic frame:
# V  [jvm.dll+0x144b9b]
#
# Failed to write core dump. Minidumps are not enabled by default on client versions of Windows
#
# If you would like to submit a bug report, please visit:
#   http://bugreport.java.com/bugreport/crash.jsp
#

---------------  T H R E A D  ---------------

Current thread (0x000000000c2fa000):  JavaThread "JDWP Transport Listener: dt_socket" daemon [_thread_in_vm, id=4192, stack(0x000000000df30000,0x000000000e030000)]

siginfo: ExceptionCode=0xc0000005, reading address 0x00003b00003b003b

Registers:
RAX=0x000000000e02f201, RBX=0x000000000c2fa000, RCX=0x00003b00003b003b, RDX=0x0000000000000000
RSP=0x000000000e02f290, RBP=0x00003b00003b003b, RSI=0x000000000e02f3a8, RDI=0x0000000000158c50
R8 =0x000000000c2fa000, R9 =0x0000000000000700, R10=0x0000000000000000, R11=0x00000324002e0010
R12=0x0000000000000000, R13=0x000000000248cfb8, R14=0x0000000000000000, R15=0x0000000000000000
RIP=0x0000000067fd4b9b, EFLAGS=0x0000000000010202

Top of Stack: (sp=0x000000000e02f290)
0x000000000e02f290:   000000000c2fa000 0000000000000006
0x000000000e02f2a0:   000000000e02f358 00000000681777d9
0x000000000e02f2b0:   000000000c2fa000 0000000068195382
0x000000000e02f2c0:   0000000000000000 0000000067a28e8d
0x000000000e02f2d0:   000000000b242308 0000000067a32666
0x000000000e02f2e0:   000000000c2fa000 0000000000000000
0x000000000e02f2f0:   0000000000000000 0000000000000000
0x000000000e02f300:   00003b00003b003b 0000000067a3175d
0x000000000e02f310:   000000000e02f3a8 000000000e02f380
0x000000000e02f320:   0000000000000001 000000000b242308
0x000000000e02f330:   00003b00003b003b 0000000067a153b3
0x000000000e02f340:   000000000e02f470 0000000000000001
0x000000000e02f350:   0000000000000001 000000000b242308
0x000000000e02f360:   000000000000000a 0000000000000000
0x000000000e02f370:   0000000000000000 0000000000000000
0x000000000e02f380:   0000000000000001 0000000067a15571 

Instructions: (pc=0x0000000067fd4b9b)
0x0000000067fd4b7b:   48 8b 5c 24 30 48 89 47 18 48 83 c4 20 5f c3 cc
0x0000000067fd4b8b:   cc cc cc cc cc 40 53 48 83 ec 20 48 85 c9 74 54
0x0000000067fd4b9b:   48 8b 19 48 85 db 74 4c 48 b8 fe fe fe fe fe fe
0x0000000067fd4bab:   fe fe 48 3b d8 74 3d 80 3d 57 56 61 00 00 74 15 


Register to memory mapping:

RAX=0x000000000e02f201 is pointing into the stack for thread: 0x000000000c2fa000
RBX=0x000000000c2fa000 is a thread
RCX=0x00003b00003b003b is an unknown value
RDX=0x0000000000000000 is an unknown value
RSP=0x000000000e02f290 is pointing into the stack for thread: 0x000000000c2fa000
RBP=0x00003b00003b003b is an unknown value
RSI=0x000000000e02f3a8 is pointing into the stack for thread: 0x000000000c2fa000
RDI=0x0000000000158c50 is an unknown value
R8 =0x000000000c2fa000 is a thread
R9 =0x0000000000000700 is an unknown value
R10=0x0000000000000000 is an unknown value
R11=0x00000324002e0010 is an unknown value
R12=0x0000000000000000 is an unknown value
R13=0x000000000248cfb8 is an unknown value
R14=0x0000000000000000 is an unknown value
R15=0x0000000000000000 is an unknown value


Stack: [0x000000000df30000,0x000000000e030000],  sp=0x000000000e02f290,  free space=1020k
Native frames: (J=compiled Java code, j=interpreted, Vv=VM code, C=native code)
V  [jvm.dll+0x144b9b]


---------------  P R O C E S S  ---------------

Java Threads: ( => current thread )
  0x000000000c335800 JavaThread "Service Thread" daemon [_thread_blocked, id=4448, stack(0x000000000dd30000,0x000000000de30000)]
  0x000000000c32c000 JavaThread "C2 CompilerThread1" daemon [_thread_blocked, id=1036, stack(0x000000000e630000,0x000000000e730000)]
  0x000000000c321800 JavaThread "C2 CompilerThread0" daemon [_thread_blocked, id=5068, stack(0x000000000e500000,0x000000000e600000)]
  0x000000000c319800 JavaThread "JDWP Command Reader" daemon [_thread_in_native, id=4476, stack(0x000000000e310000,0x000000000e410000)]
  0x000000000c30a800 JavaThread "JDWP Event Helper Thread" daemon [_thread_blocked, id=3336, stack(0x000000000e0f0000,0x000000000e1f0000)]
=>0x000000000c2fa000 JavaThread "JDWP Transport Listener: dt_socket" daemon [_thread_in_vm, id=4192, stack(0x000000000df30000,0x000000000e030000)]
  0x000000000c2f7000 JavaThread "Attach Listener" daemon [_thread_blocked, id=3900, stack(0x000000000d9d0000,0x000000000dad0000)]
  0x000000000c2f6000 JavaThread "Signal Dispatcher" daemon [_thread_blocked, id=4224, stack(0x000000000d7f0000,0x000000000d8f0000)]
  0x000000000b231000 JavaThread "Finalizer" daemon [_thread_blocked, id=4820, stack(0x000000000d5e0000,0x000000000d6e0000)]
  0x00000000024f7800 JavaThread "Reference Handler" daemon [_thread_blocked, id=4172, stack(0x000000000d490000,0x000000000d590000)]
  0x000000000015e800 JavaThread "main" [_thread_blocked, id=4972, stack(0x0000000002700000,0x0000000002800000)]

Other Threads:
  0x000000000b22d800 VMThread [stack: 0x000000000d2e0000,0x000000000d3e0000] [id=876]
  0x000000000c341000 WatcherThread [stack: 0x000000000dc10000,0x000000000dd10000] [id=4176]

VM state:not at safepoint (normal execution)

VM Mutex/Monitor currently owned by a thread: None

Heap
 PSYoungGen      total 38912K, used 2027K [0x00000007d5500000, 0x00000007d8000000, 0x0000000800000000)
  eden space 33792K, 6% used [0x00000007d5500000,0x00000007d56faf18,0x00000007d7600000)
  from space 5120K, 0% used [0x00000007d7b00000,0x00000007d7b00000,0x00000007d8000000)
  to   space 5120K, 0% used [0x00000007d7600000,0x00000007d7600000,0x00000007d7b00000)
 ParOldGen       total 87040K, used 0K [0x0000000780000000, 0x0000000785500000, 0x00000007d5500000)
  object space 87040K, 0% used [0x0000000780000000,0x0000000780000000,0x0000000785500000)
 PSPermGen       total 21504K, used 2719K [0x000000077ae00000, 0x000000077c300000, 0x0000000780000000)
  object space 21504K, 12% used [0x000000077ae00000,0x000000077b0a7e70,0x000000077c300000)

Card table byte_map: [0x0000000005800000,0x0000000005c30000] byte_map_base: 0x0000000001c29000

Polling page: 0x0000000000120000

Code Cache  [0x0000000002800000, 0x0000000002a70000, 0x0000000005800000)
 total_blobs=162 nmethods=0 adapters=138 free_code_cache=48774Kb largest_free_block=49944512

Compilation events (0 events):
No events

GC Heap History (0 events):
No events

Deoptimization events (0 events):
No events

Internal exceptions (3 events):
Event: 0.019 Thread 0x000000000015e800 Threw 0x00000007d550f690 at C:\re\jdk7u80\2329\hotspot\src\share\vm\prims\jni.cpp:3991
Event: 0.118 Thread 0x000000000015e800 Threw 0x00000007d559a5f0 at C:\re\jdk7u80\2329\hotspot\src\share\vm\prims\jvm.cpp:1319
Event: 0.121 Thread 0x000000000015e800 Threw 0x00000007d55a08a8 at C:\re\jdk7u80\2329\hotspot\src\share\vm\interpreter\interpreterRuntime.cpp:347

Events (10 events):
Event: 2116.109 Executing VM operation: GetCurrentLocation
Event: 2116.109 Executing VM operation: GetCurrentLocation done
Event: 2116.109 Executing VM operation: EnterInterpOnlyMode
Event: 2116.109 Executing VM operation: EnterInterpOnlyMode done
Event: 2116.109 Executing VM operation: ChangeSingleStep
Event: 2116.109 Executing VM operation: ChangeSingleStep done
Event: 2116.110 Executing VM operation: ChangeSingleStep
Event: 2116.110 Executing VM operation: ChangeSingleStep done
Event: 2116.113 Executing VM operation: RedefineClasses
Event: 2116.113 Executing VM operation: RedefineClasses done


Dynamic libraries:
0x000000013ff80000 - 0x000000013ffb3000 	D:\B_Util\2.Java\JDK1.7\bin\javaw.exe
0x0000000076e00000 - 0x0000000076f9f000 	C:\Windows\SYSTEM32\ntdll.dll
0x0000000076be0000 - 0x0000000076cff000 	C:\Windows\system32\kernel32.dll
0x000007fefced0000 - 0x000007fefcf3a000 	C:\Windows\system32\KERNELBASE.dll
0x000007fefe3b0000 - 0x000007fefe48b000 	C:\Windows\system32\ADVAPI32.dll
0x000007fefe4e0000 - 0x000007fefe57f000 	C:\Windows\system32\msvcrt.dll
0x000007fefec60000 - 0x000007fefec7f000 	C:\Windows\SYSTEM32\sechost.dll
0x000007fefcf60000 - 0x000007fefd08c000 	C:\Windows\system32\RPCRT4.dll
0x0000000076d00000 - 0x0000000076dfa000 	C:\Windows\system32\USER32.dll
0x000007fefea20000 - 0x000007fefea87000 	C:\Windows\system32\GDI32.dll
0x000007fefea10000 - 0x000007fefea1e000 	C:\Windows\system32\LPK.dll
0x000007fefefa0000 - 0x000007feff06b000 	C:\Windows\system32\USP10.dll
0x000007fefb4d0000 - 0x000007fefb6c4000 	C:\Windows\WinSxS\amd64_microsoft.windows.common-controls_6595b64144ccf1df_6.0.7601.18837_none_fa3b1e3d17594757\COMCTL32.dll
0x000007feff070000 - 0x000007feff0e1000 	C:\Windows\system32\SHLWAPI.dll
0x000007fefea90000 - 0x000007fefeabe000 	C:\Windows\system32\IMM32.DLL
0x000007fefeb40000 - 0x000007fefec49000 	C:\Windows\system32\MSCTF.dll
0x0000000066480000 - 0x0000000066552000 	D:\B_Util\2.Java\JDK1.7\jre\bin\msvcr100.dll
0x0000000067e90000 - 0x0000000068669000 	D:\B_Util\2.Java\JDK1.7\jre\bin\server\jvm.dll
0x000007fef82e0000 - 0x000007fef82e9000 	C:\Windows\system32\WSOCK32.dll
0x000007fefe490000 - 0x000007fefe4dd000 	C:\Windows\system32\WS2_32.dll
0x000007fefec50000 - 0x000007fefec58000 	C:\Windows\system32\NSI.dll
0x000007fef9dc0000 - 0x000007fef9dfb000 	C:\Windows\system32\WINMM.dll
0x0000000076fa0000 - 0x0000000076fa7000 	C:\Windows\system32\PSAPI.DLL
0x000000006ab70000 - 0x000000006ab7f000 	D:\B_Util\2.Java\JDK1.7\jre\bin\verify.dll
0x000000006ab40000 - 0x000000006ab68000 	D:\B_Util\2.Java\JDK1.7\jre\bin\java.dll
0x0000000067a10000 - 0x0000000067a45000 	D:\B_Util\2.Java\JDK1.7\jre\bin\jdwp.dll
0x000000006afe0000 - 0x000000006afe8000 	D:\B_Util\2.Java\JDK1.7\jre\bin\npt.dll
0x0000000067d90000 - 0x0000000067da6000 	D:\B_Util\2.Java\JDK1.7\jre\bin\zip.dll
0x000000006ab80000 - 0x000000006ab89000 	D:\B_Util\2.Java\JDK1.7\jre\bin\dt_socket.dll
0x000007fefa630000 - 0x000007fefa645000 	C:\Windows\system32\NLAapi.dll
0x000007fef7de0000 - 0x000007fef7df5000 	C:\Windows\system32\napinsp.dll
0x000007fef7dc0000 - 0x000007fef7dd9000 	C:\Windows\system32\pnrpnsp.dll
0x000007fefc2e0000 - 0x000007fefc335000 	C:\Windows\System32\mswsock.dll
0x000007fefc160000 - 0x000007fefc1bb000 	C:\Windows\system32\DNSAPI.dll
0x000007fef7db0000 - 0x000007fef7dbb000 	C:\Windows\System32\winrnr.dll
0x000007fefa530000 - 0x000007fefa557000 	C:\Windows\system32\IPHLPAPI.DLL
0x000007fefa510000 - 0x000007fefa51b000 	C:\Windows\system32\WINNSI.DLL
0x000007fefa3d0000 - 0x000007fefa423000 	C:\Windows\System32\fwpuclnt.dll
0x000007fef9e40000 - 0x000007fef9e48000 	C:\Windows\system32\rasadhlp.dll
0x000007fefbd50000 - 0x000007fefbd57000 	C:\Windows\System32\wshtcpip.dll
0x000007fef81a0000 - 0x000007fef82c5000 	C:\Windows\system32\dbghelp.dll

VM Arguments:
jvm_args: -agentlib:jdwp=transport=dt_socket,suspend=y,address=localhost:49285 -Dfile.encoding=UTF-8 
java_command: d_array.Sort
Launcher Type: SUN_STANDARD

Environment Variables:
JAVA_HOME=D:\B_Util\2.Java\JDK1.7
PATH=D:\B_Util\2.Java\JDK1.7\jre\bin;D:/B_Util/2.Java/JDK1.7/bin/../jre/bin/server;D:/B_Util/2.Java/JDK1.7/bin/../jre/bin;D:/B_Util/2.Java/JDK1.7/bin/../jre/lib/amd64;D:\B_Util\4.Oracle\appClient;D:\B_Util\4.Oracle\app\oracle\product\11.2.0\server\bin;;C:\Program Files (x86)\Intel\iCLS Client\;C:\Program Files\Intel\iCLS Client\;C:\Windows\system32;C:\Windows;C:\Windows\System32\Wbem;C:\Windows\System32\WindowsPowerShell\v1.0\;C:\Program Files (x86)\Intel\UCRT\;C:\Program Files\Intel\UCRT\;C:\Program Files (x86)\Intel\Intel(R) Management Engine Components\DAL;C:\Program Files\Intel\Intel(R) Management Engine Components\DAL;C:\Program Files (x86)\Intel\Intel(R) Management Engine Components\IPT;C:\Program Files\Intel\Intel(R) Management Engine Components\IPT;D:\B_Util\2.Java\JDK1.7\bin;C:\Program Files\Bandizip\;D:\B_Util\3.Eclipse\eclipse;
USERNAME=pc16
OS=Windows_NT
PROCESSOR_IDENTIFIER=Intel64 Family 6 Model 158 Stepping 9, GenuineIntel



---------------  S Y S T E M  ---------------

OS: Windows 7 , 64 bit Build 7601 Service Pack 1

CPU:total 8 (4 cores per cpu, 2 threads per core) family 6 model 158 stepping 9, cmov, cx8, fxsr, mmx, sse, sse2, sse3, ssse3, sse4.1, sse4.2, popcnt, avx, avx2, aes, erms, ht, tsc, tscinvbit

Memory: 4k page, physical 8388608k(5124456k free), swap 16775312k(11950620k free)

vm_info: Java HotSpot(TM) 64-Bit Server VM (24.80-b11) for windows-amd64 JRE (1.7.0_80-b15), built on Apr 10 2015 11:26:34 by "java_re" with unknown MS VC++:1600

time: Tue Sep 24 12:10:28 2019
elapsed time: 2116 seconds

